{'loss': 0.8412, 'grad_norm': 2.5742318630218506, 'learning_rate': 8.963133640552995e-07, 'epoch': 0.23}
{'loss': 0.4661, 'grad_norm': 5.269628047943115, 'learning_rate': 7.811059907834101e-07, 'epoch': 0.46}
{'loss': 0.4108, 'grad_norm': 2.448967933654785, 'learning_rate': 6.658986175115207e-07, 'epoch': 0.68}
{'loss': 0.3868, 'grad_norm': 2.6555428504943848, 'learning_rate': 5.506912442396313e-07, 'epoch': 0.91}
{'eval_loss': 0.7669499516487122, 'eval_accuracy': 0.4826388888888889, 'eval_runtime': 8.4048, 'eval_samples_per_second': 171.33, 'eval_steps_per_second': 5.354, 'epoch': 1.0}
{'loss': 0.3624, 'grad_norm': 3.448284387588501, 'learning_rate': 4.354838709677419e-07, 'epoch': 1.14}
{'loss': 0.3575, 'grad_norm': 3.41835355758667, 'learning_rate': 3.202764976958525e-07, 'epoch': 1.37}
{'loss': 0.3497, 'grad_norm': 3.16298246383667, 'learning_rate': 2.0506912442396312e-07, 'epoch': 1.59}
{'loss': 0.3448, 'grad_norm': 3.731213092803955, 'learning_rate': 8.986175115207373e-08, 'epoch': 1.82}
{'eval_loss': 0.7291446328163147, 'eval_accuracy': 0.5263888888888889, 'eval_runtime': 8.2336, 'eval_samples_per_second': 174.892, 'eval_steps_per_second': 5.465, 'epoch': 2.0}
{'train_runtime': 3853.1339, 'train_samples_per_second': 72.917, 'train_steps_per_second': 1.139, 'train_loss': 0.43114779044392443, 'epoch': 2.0}
Model and processor saved at /dtu/blackhole/03/203779/dl_project/train_from_scrach_second_attempt
{'test_loss': 0.7291446328163147, 'test_accuracy': 0.5263888888888889, 'test_runtime': 8.0512, 'test_samples_per_second': 178.855, 'test_steps_per_second': 5.589}
Classification Report:
              precision    recall  f1-score   support

        real     0.0000    0.0000    0.0000         0
        fake     1.0000    0.5264    0.6897      1440

    accuracy                         0.5264      1440
   macro avg     0.5000    0.2632    0.3449      1440
weighted avg     1.0000    0.5264    0.6897      1440

Confusion Matrix:
 [[  0   0]
 [682 758]]
Confusion matrix saved at /dtu/blackhole/03/203779/dl_project/confusion_matrix_test_cips-ffhq.png
